<?xml version="1.0" encoding="UTF-8"?>
<robot generator="Robot 7.3.2 (Python 3.13.7 on win32)" generated="2025-10-11T04:39:01.406628" rpa="false" schemaversion="5">
<suite id="s1" name="Do-Selected" source="C:\Users\oLovasz\MyRobotFramework\DownloadedRobots\CLA-robotok\CLA-Developer\do-selected.robot">
<test id="s1-t1" name="Kiírás konzolra paraméterekből" line="13">
<kw name="Log To Console" owner="BuiltIn">
<arg>\n=== KIVÁLASZTOTT ROBOT ===</arg>
<doc>Logs the given message to the console.</doc>
<status status="PASS" start="2025-10-11T04:39:01.438461" elapsed="0.000210"/>
</kw>
<kw name="Set Variable" owner="BuiltIn">
<msg time="2025-10-11T04:39:01.438932" level="INFO">${GIT_URL} = https://github.com/lovaszotto/CPS-robotok.git</msg>
<var>${GIT_URL}</var>
<arg>${GIT_URL_BASE}${REPO}.git</arg>
<doc>Returns the given values which can then be assigned to a variables.</doc>
<status status="PASS" start="2025-10-11T04:39:01.438812" elapsed="0.000137"/>
</kw>
<kw name="Log To Console" owner="BuiltIn">
<arg>Repository: ${GIT_URL}</arg>
<doc>Logs the given message to the console.</doc>
<status status="PASS" start="2025-10-11T04:39:01.439031" elapsed="0.000144"/>
</kw>
<kw name="Log To Console" owner="BuiltIn">
<arg>Branch: ${BRANCH}</arg>
<doc>Logs the given message to the console.</doc>
<status status="PASS" start="2025-10-11T04:39:01.439271" elapsed="0.000151"/>
</kw>
<kw name="Log To Console" owner="BuiltIn">
<arg>=========================\n</arg>
<doc>Logs the given message to the console.</doc>
<status status="PASS" start="2025-10-11T04:39:01.439509" elapsed="0.000132"/>
</kw>
<doc>A REPO és BRANCH változók értékeinek kiírása.</doc>
<status status="PASS" start="2025-10-11T04:39:01.437956" elapsed="0.001772"/>
</test>
<test id="s1-t2" name="Letöltöttség ellenőrzése" line="20">
<kw name="Log To Console" owner="BuiltIn">
<arg>\n=== LETÖLTÖTTSÉG ELLENŐRZÉSE ===</arg>
<doc>Logs the given message to the console.</doc>
<status status="PASS" start="2025-10-11T04:39:01.440066" elapsed="0.000134"/>
</kw>
<kw name="Set Variable" owner="BuiltIn">
<msg time="2025-10-11T04:39:01.440366" level="INFO">${repo_path} = c:/Users/oLovasz/MyRobotFramework/TestDownloadedRobots//CPS-robotok</msg>
<var>${repo_path}</var>
<arg>${DOWNLOADED_ROBOTS}/${REPO}</arg>
<doc>Returns the given values which can then be assigned to a variables.</doc>
<status status="PASS" start="2025-10-11T04:39:01.440281" elapsed="0.000097"/>
</kw>
<kw name="Set Variable" owner="BuiltIn">
<msg time="2025-10-11T04:39:01.440519" level="INFO">${branch_path} = c:/Users/oLovasz/MyRobotFramework/TestDownloadedRobots//CPS-robotok/CPS-Mezo-ellenor</msg>
<var>${branch_path}</var>
<arg>${repo_path}/${BRANCH}</arg>
<doc>Returns the given values which can then be assigned to a variables.</doc>
<status status="PASS" start="2025-10-11T04:39:01.440447" elapsed="0.000083"/>
</kw>
<kw name="Log To Console" owner="BuiltIn">
<arg>Full Repository: ${repo_path}</arg>
<doc>Logs the given message to the console.</doc>
<status status="PASS" start="2025-10-11T04:39:01.440593" elapsed="0.000124"/>
</kw>
<kw name="Log To Console" owner="BuiltIn">
<arg>Full Branch: ${branch_path}</arg>
<doc>Logs the given message to the console.</doc>
<status status="PASS" start="2025-10-11T04:39:01.440798" elapsed="0.000138"/>
</kw>
<kw name="Run Keyword And Return Status" owner="BuiltIn">
<kw name="Directory Should Exist" owner="OperatingSystem">
<msg time="2025-10-11T04:39:01.441237" level="FAIL">Directory 'c:\Users\oLovasz\MyRobotFramework\TestDownloadedRobots\CPS-robotok' does not exist.</msg>
<arg>${repo_path}</arg>
<doc>Fails unless the given path points to an existing directory.</doc>
<status status="FAIL" start="2025-10-11T04:39:01.441090" elapsed="0.000227">Directory 'c:\Users\oLovasz\MyRobotFramework\TestDownloadedRobots\CPS-robotok' does not exist.</status>
</kw>
<msg time="2025-10-11T04:39:01.441364" level="INFO">${downloaded_repo_exists} = False</msg>
<var>${downloaded_repo_exists}</var>
<arg>OperatingSystem.Directory Should Exist</arg>
<arg>${repo_path}</arg>
<doc>Runs the given keyword with given arguments and returns the status as a Boolean value.</doc>
<status status="PASS" start="2025-10-11T04:39:01.441017" elapsed="0.000358"/>
</kw>
<kw name="Run Keyword And Return Status" owner="BuiltIn">
<kw name="Directory Should Exist" owner="OperatingSystem">
<msg time="2025-10-11T04:39:01.441618" level="FAIL">Directory 'c:\Users\oLovasz\MyRobotFramework\TestDownloadedRobots\CPS-robotok\CPS-Mezo-ellenor' does not exist.</msg>
<arg>${branch_path}</arg>
<doc>Fails unless the given path points to an existing directory.</doc>
<status status="FAIL" start="2025-10-11T04:39:01.441512" elapsed="0.000139">Directory 'c:\Users\oLovasz\MyRobotFramework\TestDownloadedRobots\CPS-robotok\CPS-Mezo-ellenor' does not exist.</status>
</kw>
<msg time="2025-10-11T04:39:01.441691" level="INFO">${downloaded_robot_exists} = False</msg>
<var>${downloaded_robot_exists}</var>
<arg>OperatingSystem.Directory Should Exist</arg>
<arg>${branch_path}</arg>
<doc>Runs the given keyword with given arguments and returns the status as a Boolean value.</doc>
<status status="PASS" start="2025-10-11T04:39:01.441453" elapsed="0.000248"/>
</kw>
<if>
<branch type="IF" condition="${downloaded_repo_exists} and ${downloaded_robot_exists}">
<kw name="Log To Console" owner="BuiltIn">
<arg>\nMindkét könyvtár létezik! ✓</arg>
<doc>Logs the given message to the console.</doc>
<status status="NOT RUN" start="2025-10-11T04:39:01.441888" elapsed="0.000009"/>
</kw>
<kw name="Pass Execution" owner="BuiltIn">
<arg>Mindkét könyvtár létezik! Nem szükséges új letöltés.</arg>
<doc>Skips rest of the current test, setup, or teardown with PASS status.</doc>
<status status="NOT RUN" start="2025-10-11T04:39:01.441938" elapsed="0.000008"/>
</kw>
<status status="NOT RUN" start="2025-10-11T04:39:01.441776" elapsed="0.000183"/>
</branch>
<status status="PASS" start="2025-10-11T04:39:01.441760" elapsed="0.000212"/>
</if>
<kw name="Log To Console" owner="BuiltIn">
<arg>======Könyvtár létrehozás===================\n</arg>
<doc>Logs the given message to the console.</doc>
<status status="PASS" start="2025-10-11T04:39:01.442035" elapsed="0.000130"/>
</kw>
<if>
<branch type="IF" condition="not ${downloaded_repo_exists}">
<kw name="Create Directory" owner="OperatingSystem">
<msg time="2025-10-11T04:39:01.442738" level="INFO" html="true">Created directory '&lt;a href="file://c:\Users\oLovasz\MyRobotFramework\TestDownloadedRobots\CPS-robotok"&gt;c:\Users\oLovasz\MyRobotFramework\TestDownloadedRobots\CPS-robotok&lt;/a&gt;'.</msg>
<arg>${repo_path}</arg>
<doc>Creates the specified directory.</doc>
<status status="PASS" start="2025-10-11T04:39:01.442373" elapsed="0.000403"/>
</kw>
<kw name="Log To Console" owner="BuiltIn">
<arg>Létrehozva a repository könyvtár: ${repo_path}</arg>
<doc>Logs the given message to the console.</doc>
<status status="PASS" start="2025-10-11T04:39:01.442832" elapsed="0.000199"/>
</kw>
<status status="PASS" start="2025-10-11T04:39:01.442276" elapsed="0.000783"/>
</branch>
<status status="PASS" start="2025-10-11T04:39:01.442263" elapsed="0.000811"/>
</if>
<if>
<branch type="IF" condition="not ${downloaded_robot_exists}">
<kw name="Create Directory" owner="OperatingSystem">
<msg time="2025-10-11T04:39:01.444227" level="INFO" html="true">Created directory '&lt;a href="file://c:\Users\oLovasz\MyRobotFramework\TestDownloadedRobots\CPS-robotok\CPS-Mezo-ellenor"&gt;c:\Users\oLovasz\MyRobotFramework\TestDownloadedRobots\CPS-robotok\CPS-Mezo-ellenor&lt;/a&gt;'.</msg>
<arg>${branch_path}</arg>
<doc>Creates the specified directory.</doc>
<status status="PASS" start="2025-10-11T04:39:01.443649" elapsed="0.000661"/>
</kw>
<kw name="Log To Console" owner="BuiltIn">
<arg>Létrehozva a branch könyvtár: ${branch_path}</arg>
<doc>Logs the given message to the console.</doc>
<status status="PASS" start="2025-10-11T04:39:01.444468" elapsed="0.000341"/>
</kw>
<status status="PASS" start="2025-10-11T04:39:01.443377" elapsed="0.001456"/>
</branch>
<status status="PASS" start="2025-10-11T04:39:01.443325" elapsed="0.001591"/>
</if>
<kw name="Set Global Variable" owner="BuiltIn">
<msg time="2025-10-11T04:39:01.445208" level="INFO">${GIT_URL} = https://github.com/lovaszotto/CPS-robotok.git</msg>
<arg>${GIT_URL}</arg>
<arg>${GIT_URL_BASE}${REPO}.git</arg>
<doc>Makes a variable available globally in all tests and suites.</doc>
<status status="PASS" start="2025-10-11T04:39:01.445073" elapsed="0.000157"/>
</kw>
<kw name="Log To Console" owner="BuiltIn">
<arg>Globálisan beállítva: GIT_URL = ${GIT_URL}</arg>
<doc>Logs the given message to the console.</doc>
<status status="PASS" start="2025-10-11T04:39:01.445323" elapsed="0.000201"/>
</kw>
<kw name="Set Global Variable" owner="BuiltIn">
<msg time="2025-10-11T04:39:01.445718" level="INFO">${BRANCH} = CPS-Mezo-ellenor</msg>
<arg>${BRANCH}</arg>
<arg>${BRANCH}</arg>
<doc>Makes a variable available globally in all tests and suites.</doc>
<status status="PASS" start="2025-10-11T04:39:01.445631" elapsed="0.000106"/>
</kw>
<kw name="Log To Console" owner="BuiltIn">
<arg>Globálisan beállítva: BRANCH = ${BRANCH}</arg>
<doc>Logs the given message to the console.</doc>
<status status="PASS" start="2025-10-11T04:39:01.445813" elapsed="0.000130"/>
</kw>
<kw name="Set Variable" owner="BuiltIn">
<msg time="2025-10-11T04:39:01.446102" level="INFO">${TARGET_DIR} = c:/Users/oLovasz/MyRobotFramework/TestDownloadedRobots//CPS-robotok/CPS-Mezo-ellenor</msg>
<var>${TARGET_DIR}</var>
<arg>${branch_path}</arg>
<doc>Returns the given values which can then be assigned to a variables.</doc>
<status status="PASS" start="2025-10-11T04:39:01.446025" elapsed="0.000089"/>
</kw>
<kw name="Log To Console" owner="BuiltIn">
<arg>TARGET_DIR = ${TARGET_DIR}</arg>
<doc>Logs the given message to the console.</doc>
<status status="PASS" start="2025-10-11T04:39:01.446180" elapsed="0.000134"/>
</kw>
<doc>Ellenőrzi, hogy a REPO és BRANCH ban megadott értékekhez létezik-e mappa.</doc>
<status status="PASS" start="2025-10-11T04:39:01.439901" elapsed="0.006544"/>
</test>
<test id="s1-t3" name="Branch klónozása" line="60">
<kw name="Log To Console" owner="BuiltIn">
<arg>===========Git clone indul!==============\n</arg>
<doc>Logs the given message to the console.</doc>
<status status="PASS" start="2025-10-11T04:39:01.446864" elapsed="0.000142"/>
</kw>
<kw name="Set Variable" owner="BuiltIn">
<msg time="2025-10-11T04:39:01.447176" level="INFO">${TARGET_DIR} = c:/Users/oLovasz/MyRobotFramework/TestDownloadedRobots//CPS-robotok/CPS-Mezo-ellenor</msg>
<var>${TARGET_DIR}</var>
<arg>${DOWNLOADED_ROBOTS}/${REPO}/${BRANCH}</arg>
<doc>Returns the given values which can then be assigned to a variables.</doc>
<status status="PASS" start="2025-10-11T04:39:01.447082" elapsed="0.000106"/>
</kw>
<kw name="Log To Console" owner="BuiltIn">
<arg>Git parancs: git clone -b ${BRANCH} --single-branch ${GIT_URL} ${TARGET_DIR}</arg>
<doc>Logs the given message to the console.</doc>
<status status="PASS" start="2025-10-11T04:39:01.447259" elapsed="0.000161"/>
</kw>
<kw name="Run Process" owner="Process">
<msg time="2025-10-11T04:39:01.447683" level="INFO">Starting process:
git clone -b CPS-Mezo-ellenor --single-branch https://github.com/lovaszotto/CPS-robotok.git c:/Users/oLovasz/MyRobotFramework/TestDownloadedRobots//CPS-robotok/CPS-Mezo-ellenor</msg>
<msg time="2025-10-11T04:39:01.456705" level="INFO">Waiting for process to complete.</msg>
<msg time="2025-10-11T04:39:02.264234" level="INFO">Process completed.</msg>
<msg time="2025-10-11T04:39:02.264371" level="INFO">${result} = &lt;result object with rc 0&gt;</msg>
<var>${result}</var>
<arg>git</arg>
<arg>clone</arg>
<arg>-b</arg>
<arg>${BRANCH}</arg>
<arg>--single-branch</arg>
<arg>${GIT_URL}</arg>
<arg>${TARGET_DIR}</arg>
<arg>shell=True</arg>
<doc>Runs a process and waits for it to complete.</doc>
<status status="PASS" start="2025-10-11T04:39:01.447518" elapsed="0.816873"/>
</kw>
<kw name="Should Be Equal As Integers" owner="BuiltIn">
<msg time="2025-10-11T04:39:02.265195" level="INFO">Argument types are:
&lt;class 'int'&gt;
&lt;class 'str'&gt;</msg>
<arg>${result.rc}</arg>
<arg>0</arg>
<arg>Klónozás sikertelen: ${result.stderr}</arg>
<doc>Fails if objects are unequal after converting them to integers.</doc>
<status status="PASS" start="2025-10-11T04:39:02.264610" elapsed="0.000627"/>
</kw>
<doc>A REPO és BRANCH változók alapján klónozza a megfelelő könyvtárat, ha még nincs letöltve.</doc>
<status status="PASS" start="2025-10-11T04:39:01.446660" elapsed="0.818726"/>
</test>
<status status="PASS" start="2025-10-11T04:39:01.407395" elapsed="0.858394"/>
</suite>
<statistics>
<total>
<stat pass="3" fail="0" skip="0">All Tests</stat>
</total>
<tag>
</tag>
<suite>
<stat name="Do-Selected" id="s1" pass="3" fail="0" skip="0">Do-Selected</stat>
</suite>
</statistics>
<errors>
</errors>
</robot>
